2024-10-23 21:32:46,214 - INFO - Found 66 services to process
2024-10-23 21:32:46,236 - INFO - Processing service 1/66: ADILABAD CHALLAN PAYMENT
2024-10-23 21:32:46,749 - INFO - Successfully extracted details for ADILABAD CHALLAN PAYMENT
2024-10-23 21:32:49,184 - INFO - Processing service 2/66: ADILABAD SPOT CHALLAN PAYMENT
2024-10-23 21:32:49,805 - INFO - Successfully extracted details for ADILABAD SPOT CHALLAN PAYMENT
2024-10-23 21:32:52,347 - INFO - Processing service 3/66: ARMS DEALER
2024-10-23 21:32:52,836 - INFO - Successfully extracted details for ARMS DEALER
2024-10-23 21:32:55,939 - INFO - Processing service 4/66: BHADRADRI KOTHAGUDEM CHALLAN PAYMENT
2024-10-23 21:32:56,593 - INFO - Successfully extracted details for BHADRADRI KOTHAGUDEM CHALLAN PAYMENT
2024-10-23 21:32:59,025 - INFO - Processing service 5/66: BHADRADRI KOTHAGUDEM SPOT CHALLAN PAYMENT
2024-10-23 21:32:59,678 - INFO - Successfully extracted details for BHADRADRI KOTHAGUDEM SPOT CHALLAN PAYMENT
2024-10-23 21:33:02,169 - INFO - Processing service 6/66: CYBERABAD CHALLAN PAYMENT
2024-10-23 21:33:02,602 - INFO - Successfully extracted details for CYBERABAD CHALLAN PAYMENT
2024-10-23 21:33:04,961 - INFO - Processing service 7/66: CYBERABAD SPOT CHALLAN PAYMENT
2024-10-23 21:33:05,576 - INFO - Successfully extracted details for CYBERABAD SPOT CHALLAN PAYMENT
2024-10-23 21:33:07,984 - INFO - Processing service 8/66: FRESH LICENSES OR RENEWAL
2024-10-23 21:33:08,570 - INFO - Successfully extracted details for FRESH LICENSES OR RENEWAL
2024-10-23 21:33:10,978 - INFO - Processing service 9/66: HYDERABAD SPOT CHALLAN PAYMENT
2024-10-23 21:33:11,539 - INFO - Successfully extracted details for HYDERABAD SPOT CHALLAN PAYMENT
2024-10-23 21:33:13,951 - INFO - Processing service 10/66: ISSUANCE OF CERTIFICATES
2024-10-23 21:33:14,469 - INFO - Successfully extracted details for ISSUANCE OF CERTIFICATES
2024-10-23 21:33:16,845 - INFO - Processing service 11/66: ISSUE OF FRESH/RENEWAL OF ARM LICENCE
2024-10-23 21:33:17,389 - INFO - Successfully extracted details for ISSUE OF FRESH/RENEWAL OF ARM LICENCE
2024-10-23 21:33:19,804 - INFO - Processing service 12/66: ISSUE OF TEMPORARY BLASTING PERMISSION
2024-10-23 21:33:20,357 - INFO - Successfully extracted details for ISSUE OF TEMPORARY BLASTING PERMISSION
2024-10-23 21:33:22,717 - INFO - Processing service 13/66: JAGTIAL CHALLAN PAYMENT
2024-10-23 21:33:23,273 - INFO - Successfully extracted details for JAGTIAL CHALLAN PAYMENT
2024-10-23 21:33:25,655 - INFO - Processing service 14/66: JAGTIAL SPOT CHALLAN PAYMENT
2024-10-23 21:33:26,197 - INFO - Successfully extracted details for JAGTIAL SPOT CHALLAN PAYMENT
2024-10-23 21:33:28,710 - INFO - Processing service 15/66: JAYASHANKAR BHOOPALPALLY CHALLAN PAYMENT
2024-10-23 21:33:29,266 - INFO - Successfully extracted details for JAYASHANKAR BHOOPALPALLY CHALLAN PAYMENT
2024-10-23 21:33:31,591 - INFO - Processing service 16/66: JAYASHANKAR BHOOPALPALLY SPOT CHALLAN PAYMENT
2024-10-23 21:33:32,030 - INFO - Successfully extracted details for JAYASHANKAR BHOOPALPALLY SPOT CHALLAN PAYMENT
2024-10-23 21:33:34,396 - INFO - Processing service 17/66: JOGULAMBA GADWAL CHALLAN PAYMENT
2024-10-23 21:33:34,883 - INFO - Successfully extracted details for JOGULAMBA GADWAL CHALLAN PAYMENT
2024-10-23 21:33:37,356 - INFO - Processing service 18/66: JOGULAMBA GADWAL SPOT CHALLAN PAYMENT
2024-10-23 21:33:37,793 - INFO - Successfully extracted details for JOGULAMBA GADWAL SPOT CHALLAN PAYMENT
2024-10-23 21:33:40,260 - INFO - Processing service 19/66: KAMAREDDY CHALLAN PAYMENT
2024-10-23 21:33:40,699 - INFO - Successfully extracted details for KAMAREDDY CHALLAN PAYMENT
2024-10-23 21:33:43,182 - INFO - Processing service 20/66: KAMAREDDY SPOT CHALLAN PAYMENT
2024-10-23 21:33:43,637 - INFO - Successfully extracted details for KAMAREDDY SPOT CHALLAN PAYMENT
2024-10-23 21:33:46,071 - INFO - Processing service 21/66: KARIMNAGAR CHALLAN PAYMENT
2024-10-23 21:33:46,531 - INFO - Successfully extracted details for KARIMNAGAR CHALLAN PAYMENT
2024-10-23 21:33:48,964 - INFO - Processing service 22/66: KARIMNAGAR SPOT CHALLAN PAYMENT
2024-10-23 21:33:49,556 - INFO - Successfully extracted details for KARIMNAGAR SPOT CHALLAN PAYMENT
2024-10-23 21:33:51,941 - INFO - Processing service 23/66: KHAMMAM CHALLAN PAYMENT
2024-10-23 21:33:52,431 - INFO - Successfully extracted details for KHAMMAM CHALLAN PAYMENT
2024-10-23 21:33:54,844 - INFO - Processing service 24/66: KHAMMAM SPOT CHALLAN PAYMENT
2024-10-23 21:33:55,289 - INFO - Successfully extracted details for KHAMMAM SPOT CHALLAN PAYMENT
2024-10-23 21:33:57,648 - INFO - Processing service 26/66: KOMARAM BHEEM ASIFABAD SPOT CHALLAN PAYMENT
2024-10-23 21:34:08,338 - ERROR - Error extracting details for KOMARAM BHEEM ASIFABAD SPOT CHALLAN PAYMENT: Message: 
Stacktrace:
	GetHandleVerifier [0x00685523+24195]
	(No symbol) [0x0061AA04]
	(No symbol) [0x00512093]
	(No symbol) [0x00556ED2]
	(No symbol) [0x0055711B]
	(No symbol) [0x005976F2]
	(No symbol) [0x0057AB84]
	(No symbol) [0x00595280]
	(No symbol) [0x0057A8D6]
	(No symbol) [0x0054BA27]
	(No symbol) [0x0054C43D]
	GetHandleVerifier [0x0094CE13+2938739]
	GetHandleVerifier [0x0099EC69+3274185]
	GetHandleVerifier [0x007109C2+594722]
	GetHandleVerifier [0x00717EDC+624700]
	(No symbol) [0x006237CD]
	(No symbol) [0x00620528]
	(No symbol) [0x006206C5]
	(No symbol) [0x00612CA6]
	BaseThreadInitThunk [0x75E85D49+25]
	RtlInitializeExceptionChain [0x7741CEBB+107]
	RtlGetAppContainerNamedObjectPath [0x7741CE41+561]

2024-10-23 21:34:10,857 - INFO - Processing service 27/66: MAHABUBABAD CHALLAN PAYMENT
2024-10-23 21:34:11,365 - INFO - Successfully extracted details for MAHABUBABAD CHALLAN PAYMENT
2024-10-23 21:34:13,709 - INFO - Processing service 28/66: MAHABUBABAD SPOT CHALLAN PAYMENT
2024-10-23 21:34:14,178 - INFO - Successfully extracted details for MAHABUBABAD SPOT CHALLAN PAYMENT
2024-10-23 21:34:16,612 - INFO - Processing service 29/66: MAHABUBNAGAR CHALLAN PAYMENT
2024-10-23 21:34:17,058 - INFO - Successfully extracted details for MAHABUBNAGAR CHALLAN PAYMENT
2024-10-23 21:34:19,420 - INFO - Processing service 30/66: MAHABUBNAGAR SPOT CHALLAN PAYMENT
2024-10-23 21:34:20,000 - INFO - Successfully extracted details for MAHABUBNAGAR SPOT CHALLAN PAYMENT
2024-10-23 21:34:22,407 - INFO - Processing service 31/66: MEDAK CHALLAN PAYMENT
2024-10-23 21:34:22,838 - INFO - Successfully extracted details for MEDAK CHALLAN PAYMENT
2024-10-23 21:34:25,302 - INFO - Processing service 32/66: MEDAK SPOT CHALLAN PAYMENT
2024-10-23 21:34:25,980 - INFO - Successfully extracted details for MEDAK SPOT CHALLAN PAYMENT
2024-10-23 21:34:28,559 - INFO - Processing service 33/66: MISSING OR LOST DOCUMENTS OR ARTICLES
2024-10-23 21:34:29,039 - INFO - Successfully extracted details for MISSING OR LOST DOCUMENTS OR ARTICLES
2024-10-23 21:34:31,505 - INFO - Processing service 34/66: MULUGU CHALLAN PAYMENT
2024-10-23 21:34:31,955 - INFO - Successfully extracted details for MULUGU CHALLAN PAYMENT
2024-10-23 21:34:34,380 - INFO - Processing service 35/66: MULUGU SPOT CHALLAN PAYMENT
2024-10-23 21:34:34,849 - INFO - Successfully extracted details for MULUGU SPOT CHALLAN PAYMENT
2024-10-23 21:34:37,279 - INFO - Processing service 36/66: N.O.C LETTER FOR INSTALLATION OF PETROL BUNKS/LPG GAS
2024-10-23 21:34:37,717 - INFO - Successfully extracted details for N.O.C LETTER FOR INSTALLATION OF PETROL BUNKS/LPG GAS
2024-10-23 21:34:40,128 - INFO - Processing service 37/66: NAGARKURNOOL CHALLAN PAYMENT
2024-10-23 21:34:40,641 - INFO - Successfully extracted details for NAGARKURNOOL CHALLAN PAYMENT
2024-10-23 21:34:43,026 - INFO - Processing service 38/66: NAGARKURNOOL SPOT CHALLAN PAYMENT
2024-10-23 21:34:43,483 - INFO - Successfully extracted details for NAGARKURNOOL SPOT CHALLAN PAYMENT
2024-10-23 21:34:45,926 - INFO - Processing service 39/66: NALGONDA CHALLAN PAYMENT
2024-10-23 21:34:46,395 - INFO - Successfully extracted details for NALGONDA CHALLAN PAYMENT
2024-10-23 21:34:48,822 - INFO - Processing service 40/66: NALGONDA SPOT CHALLAN PAYMENT
2024-10-23 21:34:49,242 - INFO - Successfully extracted details for NALGONDA SPOT CHALLAN PAYMENT
2024-10-23 21:34:51,632 - INFO - Processing service 41/66: NARAYANPET CHALLAN PAYMENT
2024-10-23 21:34:52,122 - INFO - Successfully extracted details for NARAYANPET CHALLAN PAYMENT
2024-10-23 21:34:54,489 - INFO - Processing service 42/66: NARAYANPET SPOT CHALLAN PAYMENT
2024-10-23 21:34:54,937 - INFO - Successfully extracted details for NARAYANPET SPOT CHALLAN PAYMENT
2024-10-23 21:34:57,353 - INFO - Processing service 43/66: NIRMAL CHALLAN PAYMENT
2024-10-23 21:34:57,824 - INFO - Successfully extracted details for NIRMAL CHALLAN PAYMENT
2024-10-23 21:35:00,306 - INFO - Processing service 44/66: NIRMAL SPOT CHALLAN PAYMENT
2024-10-23 21:35:00,826 - INFO - Successfully extracted details for NIRMAL SPOT CHALLAN PAYMENT
2024-10-23 21:35:03,292 - INFO - Processing service 45/66: NIZAMABAD CHALLAN PAYMENT
2024-10-23 21:35:03,743 - INFO - Successfully extracted details for NIZAMABAD CHALLAN PAYMENT
2024-10-23 21:35:06,121 - INFO - Processing service 46/66: NIZAMABAD SPOT CHALLAN PAYMENT
2024-10-23 21:35:06,627 - INFO - Successfully extracted details for NIZAMABAD SPOT CHALLAN PAYMENT
2024-10-23 21:35:09,068 - INFO - Processing service 47/66: PERMISSION FOR EVENT BANDHOBUST
2024-10-23 21:35:10,044 - INFO - Successfully extracted details for PERMISSION FOR EVENT BANDHOBUST
2024-10-23 21:35:12,548 - INFO - Processing service 48/66: POLICE CHALLAN PAYMENTS
2024-10-23 21:35:13,055 - INFO - Successfully extracted details for POLICE CHALLAN PAYMENTS
2024-10-23 21:35:15,511 - INFO - Processing service 49/66: RACHAKONDA CHALLAN PAYMENT
2024-10-23 21:35:15,951 - INFO - Successfully extracted details for RACHAKONDA CHALLAN PAYMENT
2024-10-23 21:35:18,511 - INFO - Processing service 50/66: RACHAKONDA SPOT CHALLAN PAYMENT
2024-10-23 21:35:18,931 - INFO - Successfully extracted details for RACHAKONDA SPOT CHALLAN PAYMENT
2024-10-23 21:35:21,433 - INFO - Processing service 51/66: RAJANNA SIRCILLA CHALLAN PAYMENT
2024-10-23 21:35:22,137 - INFO - Successfully extracted details for RAJANNA SIRCILLA CHALLAN PAYMENT
2024-10-23 21:35:24,582 - INFO - Processing service 52/66: RAJANNA SIRCILLA SPOT CHALLAN PAYMENT
2024-10-23 21:35:25,396 - INFO - Successfully extracted details for RAJANNA SIRCILLA SPOT CHALLAN PAYMENT
2024-10-23 21:35:28,308 - INFO - Processing service 53/66: RAMAGUNDAM CHALLAN PAYMENT
2024-10-23 21:35:28,796 - INFO - Successfully extracted details for RAMAGUNDAM CHALLAN PAYMENT
2024-10-23 21:35:31,171 - INFO - Processing service 54/66: RAMAGUNDAM SPOT CHALLAN PAYMENT
2024-10-23 21:35:31,619 - INFO - Successfully extracted details for RAMAGUNDAM SPOT CHALLAN PAYMENT
2024-10-23 21:35:34,145 - INFO - Processing service 55/66: SANGAREDDY CHALLAN PAYMENT
2024-10-23 21:35:34,693 - INFO - Successfully extracted details for SANGAREDDY CHALLAN PAYMENT
2024-10-23 21:35:37,154 - INFO - Processing service 56/66: SANGAREDDY SPOT CHALLAN PAYMENT
2024-10-23 21:35:37,679 - INFO - Successfully extracted details for SANGAREDDY SPOT CHALLAN PAYMENT
2024-10-23 21:35:40,214 - INFO - Processing service 57/66: SIDDIPET CHALLAN PAYMENT
2024-10-23 21:35:40,766 - INFO - Successfully extracted details for SIDDIPET CHALLAN PAYMENT
2024-10-23 21:35:43,525 - INFO - Processing service 58/66: SIDDIPET SPOT CHALLAN PAYMENT
2024-10-23 21:35:43,955 - INFO - Successfully extracted details for SIDDIPET SPOT CHALLAN PAYMENT
2024-10-23 21:35:46,365 - INFO - Processing service 59/66: SURYAPET CHALLAN PAYMENT
2024-10-23 21:35:46,880 - INFO - Successfully extracted details for SURYAPET CHALLAN PAYMENT
2024-10-23 21:35:49,309 - INFO - Processing service 60/66: SURYAPET SPOT CHALLAN PAYMENT
2024-10-23 21:35:49,893 - INFO - Successfully extracted details for SURYAPET SPOT CHALLAN PAYMENT
2024-10-23 21:35:52,368 - INFO - Processing service 61/66: VIKARABAD CHALLAN PAYMENT
2024-10-23 21:35:52,952 - INFO - Successfully extracted details for VIKARABAD CHALLAN PAYMENT
2024-10-23 21:35:55,558 - INFO - Processing service 62/66: VIKARABAD SPOT CHALLAN PAYMENT
2024-10-23 21:35:56,096 - INFO - Successfully extracted details for VIKARABAD SPOT CHALLAN PAYMENT
2024-10-23 21:35:58,892 - INFO - Processing service 63/66: WANAPARTHY CHALLAN PAYMENT
2024-10-23 21:35:59,359 - INFO - Successfully extracted details for WANAPARTHY CHALLAN PAYMENT
2024-10-23 21:36:02,654 - INFO - Processing service 64/66: WANAPARTHY SPOT CHALLAN PAYMENT
2024-10-23 21:36:03,279 - INFO - Successfully extracted details for WANAPARTHY SPOT CHALLAN PAYMENT
2024-10-23 21:36:05,803 - INFO - Processing service 65/66: WARANGAL CHALLAN PAYMENT
2024-10-23 21:36:06,902 - INFO - Successfully extracted details for WARANGAL CHALLAN PAYMENT
2024-10-23 21:36:10,938 - INFO - Processing service 66/66: WARANGAL SPOT CHALLAN PAYMENT
2024-10-23 21:36:12,154 - INFO - Successfully extracted details for WARANGAL SPOT CHALLAN PAYMENT
2024-10-23 21:36:14,625 - INFO - Successfully saved data to Police.json
2024-10-23 21:42:28,138 - ERROR - Fatal error in start(): 'MeesevaScraper' object has no attribute 'click_police'
2024-10-23 21:44:07,957 - WARNING - Attempt 1 failed to select Revenue: Message: Select only works on <select> elements, not on input

2024-10-23 21:44:09,996 - WARNING - Attempt 2 failed to select Revenue: Message: Select only works on <select> elements, not on input

2024-10-23 21:44:12,034 - WARNING - Attempt 3 failed to select Revenue: Message: Select only works on <select> elements, not on input

2024-10-23 21:44:12,035 - ERROR - Fatal error in start(): Failed to select Revenue after maximum attempts
2024-10-23 21:48:39,116 - INFO - Found 43 services to process
2024-10-23 21:48:39,141 - INFO - Processing service 1/43: AGRICULTURAL LAND VALUE APPLICATION
2024-10-23 21:48:39,717 - INFO - Successfully extracted details for AGRICULTURAL LAND VALUE APPLICATION
2024-10-23 21:48:42,242 - INFO - Processing service 2/43: AGRICULTURE INCOME CERTIFICATE
2024-10-23 21:48:42,672 - INFO - Successfully extracted details for AGRICULTURE INCOME CERTIFICATE
2024-10-23 21:48:45,029 - INFO - Processing service 3/43: APATHBANDHU SCHEME
2024-10-23 21:48:46,453 - INFO - Successfully extracted details for APATHBANDHU SCHEME
2024-10-23 21:48:49,484 - INFO - Processing service 4/43: APPEALS ON DEMARCATION
2024-10-23 21:48:50,118 - INFO - Successfully extracted details for APPEALS ON DEMARCATION
2024-10-23 21:48:52,545 - INFO - Processing service 5/43: CC OF ROM HYD
2024-10-23 21:48:53,136 - INFO - Successfully extracted details for CC OF ROM HYD
2024-10-23 21:48:55,549 - INFO - Processing service 6/43: CERTIFIED COPIES OF TSLR
2024-10-23 21:48:56,156 - INFO - Successfully extracted details for CERTIFIED COPIES OF TSLR
2024-10-23 21:48:58,601 - INFO - Processing service 7/43: CHANGE OF NAME APPLICATION
2024-10-23 21:48:59,113 - INFO - Successfully extracted details for CHANGE OF NAME APPLICATION
2024-10-23 21:49:01,657 - INFO - Processing service 8/43: COMMUNITY AND DATE OF BIRTH CERTIFICATE
2024-10-23 21:49:02,133 - INFO - Successfully extracted details for COMMUNITY AND DATE OF BIRTH CERTIFICATE
2024-10-23 21:49:04,543 - INFO - Processing service 9/43: CRACKER OR STORAGE OF EXPLOSIVE MATERIAL LICENSE
2024-10-23 21:49:05,079 - INFO - Successfully extracted details for CRACKER OR STORAGE OF EXPLOSIVE MATERIAL LICENSE
2024-10-23 21:49:07,527 - INFO - Processing service 10/43: DEMARCATION HYD
2024-10-23 21:49:08,229 - INFO - Successfully extracted details for DEMARCATION HYD
2024-10-23 21:49:10,621 - INFO - Processing service 11/43: EBC CERTIFICATE
2024-10-23 21:49:11,169 - INFO - Successfully extracted details for EBC CERTIFICATE
2024-10-23 21:49:13,569 - INFO - Processing service 12/43: ECONOMICALLY WEAKER SECTIONS
2024-10-23 21:49:14,122 - WARNING - Missing fields for ECONOMICALLY WEAKER SECTIONS: Service Delivery Channels
2024-10-23 21:49:14,123 - INFO - Successfully extracted details for ECONOMICALLY WEAKER SECTIONS
2024-10-23 21:49:16,575 - INFO - Processing service 13/43: EXTRACT OF HOUSE SITE PATTA EXTRACT OF DFORM PATTA
2024-10-23 21:49:17,184 - INFO - Successfully extracted details for EXTRACT OF HOUSE SITE PATTA EXTRACT OF DFORM PATTA
2024-10-23 21:49:19,643 - INFO - Processing service 14/43: EXTRACT OF NOC UNDER EXPLOSIVE PETROLEUM ACT
2024-10-23 21:49:20,099 - INFO - Successfully extracted details for EXTRACT OF NOC UNDER EXPLOSIVE PETROLEUM ACT
2024-10-23 21:49:22,491 - INFO - Processing service 15/43: EXTRACT OF ORC
2024-10-23 21:49:23,115 - INFO - Successfully extracted details for EXTRACT OF ORC
2024-10-23 21:49:25,519 - INFO - Processing service 16/43: FAMILY MEMBERSHIP CERTFICATE
2024-10-23 21:49:26,034 - INFO - Successfully extracted details for FAMILY MEMBERSHIP CERTFICATE
2024-10-23 21:49:28,507 - INFO - Processing service 17/43: FLINE PETITIONS SUB DIVISION
2024-10-23 21:49:29,191 - INFO - Successfully extracted details for FLINE PETITIONS SUB DIVISION
2024-10-23 21:49:31,672 - INFO - Processing service 18/43: INCOME CERTIFICATE
2024-10-23 21:49:32,190 - INFO - Successfully extracted details for INCOME CERTIFICATE
2024-10-23 21:49:34,561 - INFO - Processing service 19/43: ISSUE OF ARM LICENCE
2024-10-23 21:49:35,008 - INFO - Successfully extracted details for ISSUE OF ARM LICENCE
2024-10-23 21:49:37,384 - INFO - Processing service 20/43: ISSUE OF CASTE CERTIFICATE TO BRAHMIN COMMUNITY
2024-10-23 21:49:37,944 - INFO - Successfully extracted details for ISSUE OF CASTE CERTIFICATE TO BRAHMIN COMMUNITY
2024-10-23 21:49:40,310 - INFO - Processing service 21/43: ISSUE OF NOC FOR STORING OF PETROLEUM PRODUCTS
2024-10-23 21:49:40,846 - INFO - Successfully extracted details for ISSUE OF NOC FOR STORING OF PETROLEUM PRODUCTS
2024-10-23 21:49:43,203 - INFO - Processing service 22/43: ISSUE OF OCCUPANCY RIGHTS CERT FOR INAM LANDS
2024-10-23 21:49:43,776 - INFO - Successfully extracted details for ISSUE OF OCCUPANCY RIGHTS CERT FOR INAM LANDS
2024-10-23 21:49:46,146 - INFO - Processing service 23/43: ISSUE OF SMALL AND MARGINAL FARMER CERTIFICATE
2024-10-23 21:49:46,667 - INFO - Successfully extracted details for ISSUE OF SMALL AND MARGINAL FARMER CERTIFICATE
2024-10-23 21:49:49,107 - INFO - Processing service 24/43: ISSUE OF TONCH MAP
2024-10-23 21:49:49,568 - INFO - Successfully extracted details for ISSUE OF TONCH MAP
2024-10-23 21:49:51,923 - INFO - Processing service 26/43: LOCALIZATION OF PROPERTIES HYD
2024-10-23 21:50:02,357 - ERROR - Error extracting details for LOCALIZATION OF PROPERTIES HYD: Message: 
Stacktrace:
	GetHandleVerifier [0x003D5523+24195]
	(No symbol) [0x0036AA04]
	(No symbol) [0x00262093]
	(No symbol) [0x002A6ED2]
	(No symbol) [0x002A711B]
	(No symbol) [0x002E76F2]
	(No symbol) [0x002CAB84]
	(No symbol) [0x002E5280]
	(No symbol) [0x002CA8D6]
	(No symbol) [0x0029BA27]
	(No symbol) [0x0029C43D]
	GetHandleVerifier [0x0069CE13+2938739]
	GetHandleVerifier [0x006EEC69+3274185]
	GetHandleVerifier [0x004609C2+594722]
	GetHandleVerifier [0x00467EDC+624700]
	(No symbol) [0x003737CD]
	(No symbol) [0x00370528]
	(No symbol) [0x003706C5]
	(No symbol) [0x00362CA6]
	BaseThreadInitThunk [0x75E85D49+25]
	RtlInitializeExceptionChain [0x7741CEBB+107]
	RtlGetAppContainerNamedObjectPath [0x7741CE41+561]

2024-10-23 21:50:12,763 - ERROR - Error navigating back to services: Message: 
Stacktrace:
	GetHandleVerifier [0x003D5523+24195]
	(No symbol) [0x0036AA04]
	(No symbol) [0x00262093]
	(No symbol) [0x002A6ED2]
	(No symbol) [0x002A711B]
	(No symbol) [0x002E76F2]
	(No symbol) [0x002CAB84]
	(No symbol) [0x002E5280]
	(No symbol) [0x002CA8D6]
	(No symbol) [0x0029BA27]
	(No symbol) [0x0029C43D]
	GetHandleVerifier [0x0069CE13+2938739]
	GetHandleVerifier [0x006EEC69+3274185]
	GetHandleVerifier [0x004609C2+594722]
	GetHandleVerifier [0x00467EDC+624700]
	(No symbol) [0x003737CD]
	(No symbol) [0x00370528]
	(No symbol) [0x003706C5]
	(No symbol) [0x00362CA6]
	BaseThreadInitThunk [0x75E85D49+25]
	RtlInitializeExceptionChain [0x7741CEBB+107]
	RtlGetAppContainerNamedObjectPath [0x7741CE41+561]

2024-10-23 21:50:15,152 - ERROR - Failed to recover from error state: Message: Select only works on <select> elements, not on input

2024-10-23 21:50:25,533 - ERROR - Error processing service at index 26: Message: 

2024-10-23 21:50:27,792 - ERROR - Failed to recover from error state: Message: Select only works on <select> elements, not on input

2024-10-23 21:50:38,043 - ERROR - Error processing service at index 27: Message: 

2024-10-23 21:50:40,372 - ERROR - Failed to recover from error state: Message: Select only works on <select> elements, not on input

2024-10-23 21:50:50,680 - ERROR - Error processing service at index 28: Message: 

2024-10-23 21:50:53,059 - ERROR - Failed to recover from error state: Message: Select only works on <select> elements, not on input

2024-10-23 21:51:03,416 - ERROR - Error processing service at index 29: Message: 

2024-10-23 21:51:09,266 - ERROR - Failed to recover from error state: Message: Select only works on <select> elements, not on input

2024-10-23 21:51:10,819 - ERROR - Fatal error in extract_service_links: Message: no such window: target window already closed
from unknown error: web view not found
  (Session info: chrome=129.0.6668.101)
Stacktrace:
	GetHandleVerifier [0x003D5523+24195]
	(No symbol) [0x0036AA04]
	(No symbol) [0x00262093]
	(No symbol) [0x0023E22B]
	(No symbol) [0x002D173F]
	(No symbol) [0x002E4BB9]
	(No symbol) [0x002CA8D6]
	(No symbol) [0x0029BA27]
	(No symbol) [0x0029C43D]
	GetHandleVerifier [0x0069CE13+2938739]
	GetHandleVerifier [0x006EEC69+3274185]
	GetHandleVerifier [0x004609C2+594722]
	GetHandleVerifier [0x00467EDC+624700]
	(No symbol) [0x003737CD]
	(No symbol) [0x00370528]
	(No symbol) [0x003706C5]
	(No symbol) [0x00362CA6]
	BaseThreadInitThunk [0x75E85D49+25]
	RtlInitializeExceptionChain [0x7741CEBB+107]
	RtlGetAppContainerNamedObjectPath [0x7741CE41+561]

2024-10-23 21:51:10,821 - INFO - Successfully saved data to Revenue.json
2024-10-23 21:51:49,254 - INFO - Found 43 services to process
2024-10-23 21:51:49,272 - INFO - Processing service 1/43: AGRICULTURAL LAND VALUE APPLICATION
2024-10-23 21:51:49,703 - INFO - Successfully extracted details for AGRICULTURAL LAND VALUE APPLICATION
2024-10-23 21:51:52,152 - INFO - Processing service 2/43: AGRICULTURE INCOME CERTIFICATE
2024-10-23 21:51:52,696 - INFO - Successfully extracted details for AGRICULTURE INCOME CERTIFICATE
2024-10-23 21:51:55,082 - INFO - Processing service 3/43: APATHBANDHU SCHEME
2024-10-23 21:51:55,563 - INFO - Successfully extracted details for APATHBANDHU SCHEME
2024-10-23 21:51:57,953 - INFO - Processing service 4/43: APPEALS ON DEMARCATION
2024-10-23 21:51:58,635 - INFO - Successfully extracted details for APPEALS ON DEMARCATION
2024-10-23 21:52:01,200 - INFO - Processing service 5/43: CC OF ROM HYD
2024-10-23 21:52:01,878 - INFO - Successfully extracted details for CC OF ROM HYD
2024-10-23 21:52:04,341 - INFO - Processing service 6/43: CERTIFIED COPIES OF TSLR
2024-10-23 21:52:04,861 - INFO - Successfully extracted details for CERTIFIED COPIES OF TSLR
2024-10-23 21:52:07,296 - INFO - Processing service 7/43: CHANGE OF NAME APPLICATION
2024-10-23 21:52:07,826 - INFO - Successfully extracted details for CHANGE OF NAME APPLICATION
2024-10-23 21:52:10,335 - INFO - Processing service 8/43: COMMUNITY AND DATE OF BIRTH CERTIFICATE
2024-10-23 21:52:10,984 - INFO - Successfully extracted details for COMMUNITY AND DATE OF BIRTH CERTIFICATE
2024-10-23 21:52:13,528 - INFO - Processing service 9/43: CRACKER OR STORAGE OF EXPLOSIVE MATERIAL LICENSE
2024-10-23 21:52:14,032 - INFO - Successfully extracted details for CRACKER OR STORAGE OF EXPLOSIVE MATERIAL LICENSE
2024-10-23 21:52:16,457 - INFO - Processing service 10/43: DEMARCATION HYD
2024-10-23 21:52:16,953 - INFO - Successfully extracted details for DEMARCATION HYD
2024-10-23 21:52:19,381 - INFO - Processing service 11/43: EBC CERTIFICATE
2024-10-23 21:52:19,832 - INFO - Successfully extracted details for EBC CERTIFICATE
2024-10-23 21:52:22,218 - INFO - Processing service 12/43: ECONOMICALLY WEAKER SECTIONS
2024-10-23 21:52:22,674 - WARNING - Missing fields for ECONOMICALLY WEAKER SECTIONS: Service Delivery Channels
2024-10-23 21:52:22,675 - INFO - Successfully extracted details for ECONOMICALLY WEAKER SECTIONS
2024-10-23 21:52:25,073 - INFO - Processing service 13/43: EXTRACT OF HOUSE SITE PATTA EXTRACT OF DFORM PATTA
2024-10-23 21:52:25,629 - INFO - Successfully extracted details for EXTRACT OF HOUSE SITE PATTA EXTRACT OF DFORM PATTA
2024-10-23 21:52:28,030 - INFO - Processing service 14/43: EXTRACT OF NOC UNDER EXPLOSIVE PETROLEUM ACT
2024-10-23 21:52:28,533 - INFO - Successfully extracted details for EXTRACT OF NOC UNDER EXPLOSIVE PETROLEUM ACT
2024-10-23 21:52:30,932 - INFO - Processing service 15/43: EXTRACT OF ORC
2024-10-23 21:52:31,421 - INFO - Successfully extracted details for EXTRACT OF ORC
2024-10-23 21:52:33,818 - INFO - Processing service 16/43: FAMILY MEMBERSHIP CERTFICATE
2024-10-23 21:52:34,287 - INFO - Successfully extracted details for FAMILY MEMBERSHIP CERTFICATE
2024-10-23 21:52:36,703 - INFO - Processing service 17/43: FLINE PETITIONS SUB DIVISION
2024-10-23 21:52:37,190 - INFO - Successfully extracted details for FLINE PETITIONS SUB DIVISION
2024-10-23 21:52:39,681 - INFO - Processing service 18/43: INCOME CERTIFICATE
2024-10-23 21:52:40,139 - INFO - Successfully extracted details for INCOME CERTIFICATE
2024-10-23 21:52:42,579 - INFO - Processing service 19/43: ISSUE OF ARM LICENCE
2024-10-23 21:52:43,005 - INFO - Successfully extracted details for ISSUE OF ARM LICENCE
2024-10-23 21:52:45,387 - INFO - Processing service 20/43: ISSUE OF CASTE CERTIFICATE TO BRAHMIN COMMUNITY
2024-10-23 21:52:45,846 - INFO - Successfully extracted details for ISSUE OF CASTE CERTIFICATE TO BRAHMIN COMMUNITY
2024-10-23 21:52:48,278 - INFO - Processing service 21/43: ISSUE OF NOC FOR STORING OF PETROLEUM PRODUCTS
2024-10-23 21:52:48,715 - INFO - Successfully extracted details for ISSUE OF NOC FOR STORING OF PETROLEUM PRODUCTS
2024-10-23 21:52:51,099 - INFO - Processing service 22/43: ISSUE OF OCCUPANCY RIGHTS CERT FOR INAM LANDS
2024-10-23 21:52:51,585 - INFO - Successfully extracted details for ISSUE OF OCCUPANCY RIGHTS CERT FOR INAM LANDS
2024-10-23 21:52:53,926 - INFO - Processing service 23/43: ISSUE OF SMALL AND MARGINAL FARMER CERTIFICATE
2024-10-23 21:52:54,466 - INFO - Successfully extracted details for ISSUE OF SMALL AND MARGINAL FARMER CERTIFICATE
2024-10-23 21:52:56,871 - INFO - Processing service 24/43: ISSUE OF TONCH MAP
2024-10-23 21:52:57,429 - INFO - Successfully extracted details for ISSUE OF TONCH MAP
2024-10-23 21:52:59,835 - INFO - Processing service 26/43: LOCALIZATION OF PROPERTIES HYD
2024-10-23 21:53:00,301 - INFO - Successfully extracted details for LOCALIZATION OF PROPERTIES HYD
2024-10-23 21:53:02,742 - INFO - Processing service 27/43: MONEY LENDING
2024-10-23 21:53:03,253 - INFO - Successfully extracted details for MONEY LENDING
2024-10-23 21:53:05,668 - INFO - Processing service 28/43: NATIVITY CERTIFICATE
2024-10-23 21:53:16,375 - ERROR - Error extracting details for NATIVITY CERTIFICATE: Message: 
Stacktrace:
	GetHandleVerifier [0x003D5523+24195]
	(No symbol) [0x0036AA04]
	(No symbol) [0x00262093]
	(No symbol) [0x002A6ED2]
	(No symbol) [0x002A711B]
	(No symbol) [0x002E76F2]
	(No symbol) [0x002CAB84]
	(No symbol) [0x002E5280]
	(No symbol) [0x002CA8D6]
	(No symbol) [0x0029BA27]
	(No symbol) [0x0029C43D]
	GetHandleVerifier [0x0069CE13+2938739]
	GetHandleVerifier [0x006EEC69+3274185]
	GetHandleVerifier [0x004609C2+594722]
	GetHandleVerifier [0x00467EDC+624700]
	(No symbol) [0x003737CD]
	(No symbol) [0x00370528]
	(No symbol) [0x003706C5]
	(No symbol) [0x00362CA6]
	BaseThreadInitThunk [0x75E85D49+25]
	RtlInitializeExceptionChain [0x7741CEBB+107]
	RtlGetAppContainerNamedObjectPath [0x7741CE41+561]

2024-10-23 21:53:26,645 - WARNING - Retrying (Retry(total=2, connect=None, read=None, redirect=None, status=None)) after connection broken by 'ConnectionResetError(10054, 'An existing connection was forcibly closed by the remote host', None, 10054, None)': /session/879a03c8c012f34adbd2c8ecda939f12
2024-10-23 21:56:21,676 - INFO - Found 43 services to process
2024-10-23 21:56:23,748 - INFO - Processing service 1/43: AGRICULTURAL LAND VALUE APPLICATION
2024-10-23 21:56:43,576 - INFO - Successfully extracted details for AGRICULTURAL LAND VALUE APPLICATION
2024-10-23 21:57:03,097 - INFO - Processing service 2/43: AGRICULTURE INCOME CERTIFICATE
2024-10-23 21:57:22,782 - INFO - Successfully extracted details for AGRICULTURE INCOME CERTIFICATE
2024-10-23 21:57:42,270 - INFO - Processing service 3/43: APATHBANDHU SCHEME
2024-10-23 21:58:01,963 - INFO - Successfully extracted details for APATHBANDHU SCHEME
2024-10-23 21:58:21,576 - INFO - Processing service 4/43: APPEALS ON DEMARCATION
2024-10-23 21:58:41,246 - INFO - Successfully extracted details for APPEALS ON DEMARCATION
2024-10-23 21:59:00,708 - INFO - Processing service 5/43: CC OF ROM HYD
2024-10-23 21:59:20,427 - INFO - Successfully extracted details for CC OF ROM HYD
2024-10-23 21:59:39,942 - INFO - Processing service 6/43: CERTIFIED COPIES OF TSLR
2024-10-23 21:59:59,568 - INFO - Successfully extracted details for CERTIFIED COPIES OF TSLR
2024-10-23 22:00:19,146 - INFO - Processing service 7/43: CHANGE OF NAME APPLICATION
2024-10-23 22:00:38,816 - INFO - Successfully extracted details for CHANGE OF NAME APPLICATION
2024-10-23 22:00:58,341 - INFO - Processing service 8/43: COMMUNITY AND DATE OF BIRTH CERTIFICATE
2024-10-23 22:01:18,920 - INFO - Successfully extracted details for COMMUNITY AND DATE OF BIRTH CERTIFICATE
2024-10-23 22:01:38,509 - INFO - Processing service 9/43: CRACKER OR STORAGE OF EXPLOSIVE MATERIAL LICENSE
2024-10-23 22:01:58,146 - INFO - Successfully extracted details for CRACKER OR STORAGE OF EXPLOSIVE MATERIAL LICENSE
2024-10-23 22:02:17,626 - INFO - Processing service 10/43: DEMARCATION HYD
2024-10-23 22:02:37,335 - INFO - Successfully extracted details for DEMARCATION HYD
2024-10-23 22:02:56,751 - INFO - Processing service 11/43: EBC CERTIFICATE
2024-10-23 22:03:16,343 - INFO - Successfully extracted details for EBC CERTIFICATE
2024-10-23 22:03:35,985 - INFO - Processing service 12/43: ECONOMICALLY WEAKER SECTIONS
2024-10-23 22:03:55,661 - WARNING - Missing fields for ECONOMICALLY WEAKER SECTIONS: Service Delivery Channels
2024-10-23 22:03:55,661 - INFO - Successfully extracted details for ECONOMICALLY WEAKER SECTIONS
2024-10-23 22:04:15,184 - INFO - Processing service 13/43: EXTRACT OF HOUSE SITE PATTA EXTRACT OF DFORM PATTA
2024-10-23 22:04:34,830 - INFO - Successfully extracted details for EXTRACT OF HOUSE SITE PATTA EXTRACT OF DFORM PATTA
2024-10-23 22:04:54,321 - INFO - Processing service 14/43: EXTRACT OF NOC UNDER EXPLOSIVE PETROLEUM ACT
2024-10-23 22:05:13,944 - INFO - Successfully extracted details for EXTRACT OF NOC UNDER EXPLOSIVE PETROLEUM ACT
2024-10-23 22:05:33,434 - INFO - Processing service 15/43: EXTRACT OF ORC
2024-10-23 22:05:53,218 - INFO - Successfully extracted details for EXTRACT OF ORC
2024-10-23 22:06:12,744 - INFO - Processing service 16/43: FAMILY MEMBERSHIP CERTFICATE
2024-10-23 22:06:32,752 - INFO - Successfully extracted details for FAMILY MEMBERSHIP CERTFICATE
2024-10-23 22:06:52,655 - INFO - Processing service 17/43: FLINE PETITIONS SUB DIVISION
2024-10-23 22:07:12,763 - INFO - Successfully extracted details for FLINE PETITIONS SUB DIVISION
2024-10-23 22:07:32,677 - INFO - Processing service 18/43: INCOME CERTIFICATE
2024-10-23 22:07:52,589 - INFO - Successfully extracted details for INCOME CERTIFICATE
2024-10-23 22:08:12,518 - INFO - Processing service 19/43: ISSUE OF ARM LICENCE
2024-10-23 22:08:32,604 - INFO - Successfully extracted details for ISSUE OF ARM LICENCE
2024-10-23 22:08:52,604 - INFO - Processing service 20/43: ISSUE OF CASTE CERTIFICATE TO BRAHMIN COMMUNITY
2024-10-23 22:09:14,158 - INFO - Successfully extracted details for ISSUE OF CASTE CERTIFICATE TO BRAHMIN COMMUNITY
2024-10-23 22:09:34,181 - INFO - Processing service 21/43: ISSUE OF NOC FOR STORING OF PETROLEUM PRODUCTS
2024-10-23 22:09:54,249 - INFO - Successfully extracted details for ISSUE OF NOC FOR STORING OF PETROLEUM PRODUCTS
2024-10-23 22:10:14,236 - INFO - Processing service 22/43: ISSUE OF OCCUPANCY RIGHTS CERT FOR INAM LANDS
2024-10-23 22:10:34,345 - INFO - Successfully extracted details for ISSUE OF OCCUPANCY RIGHTS CERT FOR INAM LANDS
2024-10-23 22:10:54,208 - INFO - Processing service 23/43: ISSUE OF SMALL AND MARGINAL FARMER CERTIFICATE
2024-10-23 22:11:14,455 - INFO - Successfully extracted details for ISSUE OF SMALL AND MARGINAL FARMER CERTIFICATE
2024-10-23 22:11:34,290 - INFO - Processing service 24/43: ISSUE OF TONCH MAP
2024-10-23 22:11:54,368 - INFO - Successfully extracted details for ISSUE OF TONCH MAP
2024-10-23 22:12:14,297 - INFO - Processing service 26/43: LOCALIZATION OF PROPERTIES HYD
2024-10-23 22:12:34,297 - INFO - Successfully extracted details for LOCALIZATION OF PROPERTIES HYD
2024-10-23 22:12:54,386 - INFO - Processing service 27/43: MONEY LENDING
2024-10-23 22:13:14,363 - INFO - Successfully extracted details for MONEY LENDING
2024-10-23 22:13:34,178 - INFO - Processing service 28/43: NATIVITY CERTIFICATE
2024-10-23 22:13:54,112 - ERROR - Error extracting details for NATIVITY CERTIFICATE: Message: 
Stacktrace:
	GetHandleVerifier [0x00915523+24195]
	(No symbol) [0x008AAA04]
	(No symbol) [0x007A2093]
	(No symbol) [0x007E6ED2]
	(No symbol) [0x007E711B]
	(No symbol) [0x008276F2]
	(No symbol) [0x0080AB84]
	(No symbol) [0x00825280]
	(No symbol) [0x0080A8D6]
	(No symbol) [0x007DBA27]
	(No symbol) [0x007DC43D]
	GetHandleVerifier [0x00BDCE13+2938739]
	GetHandleVerifier [0x00C2EC69+3274185]
	GetHandleVerifier [0x009A09C2+594722]
	GetHandleVerifier [0x009A7EDC+624700]
	(No symbol) [0x008B37CD]
	(No symbol) [0x008B0528]
	(No symbol) [0x008B06C5]
	(No symbol) [0x008A2CA6]
	BaseThreadInitThunk [0x75E85D49+25]
	RtlInitializeExceptionChain [0x7741CEBB+107]
	RtlGetAppContainerNamedObjectPath [0x7741CE41+561]

2024-10-23 22:14:06,393 - ERROR - Error navigating back to services: Message: 
Stacktrace:
	GetHandleVerifier [0x00915523+24195]
	(No symbol) [0x008AAA04]
	(No symbol) [0x007A2093]
	(No symbol) [0x007E6ED2]
	(No symbol) [0x007E711B]
	(No symbol) [0x008276F2]
	(No symbol) [0x0080AB84]
	(No symbol) [0x00825280]
	(No symbol) [0x0080A8D6]
	(No symbol) [0x007DBA27]
	(No symbol) [0x007DC43D]
	GetHandleVerifier [0x00BDCE13+2938739]
	GetHandleVerifier [0x00C2EC69+3274185]
	GetHandleVerifier [0x009A09C2+594722]
	GetHandleVerifier [0x009A7EDC+624700]
	(No symbol) [0x008B37CD]
	(No symbol) [0x008B0528]
	(No symbol) [0x008B06C5]
	(No symbol) [0x008A2CA6]
	BaseThreadInitThunk [0x75E85D49+25]
	RtlInitializeExceptionChain [0x7741CEBB+107]
	RtlGetAppContainerNamedObjectPath [0x7741CE41+561]

2024-10-23 22:14:09,690 - ERROR - Failed to recover from error state: Message: no such element: Unable to locate element: {"method":"css selector","selector":"[id="deptCode"]"}
  (Session info: chrome=129.0.6668.101); For documentation on this error, please visit: https://www.selenium.dev/documentation/webdriver/troubleshooting/errors#no-such-element-exception
Stacktrace:
	GetHandleVerifier [0x00915523+24195]
	(No symbol) [0x008AAA04]
	(No symbol) [0x007A2093]
	(No symbol) [0x007E6ED2]
	(No symbol) [0x007E711B]
	(No symbol) [0x008276F2]
	(No symbol) [0x0080AB84]
	(No symbol) [0x00825280]
	(No symbol) [0x0080A8D6]
	(No symbol) [0x007DBA27]
	(No symbol) [0x007DC43D]
	GetHandleVerifier [0x00BDCE13+2938739]
	GetHandleVerifier [0x00C2EC69+3274185]
	GetHandleVerifier [0x009A09C2+594722]
	GetHandleVerifier [0x009A7EDC+624700]
	(No symbol) [0x008B37CD]
	(No symbol) [0x008B0528]
	(No symbol) [0x008B06C5]
	(No symbol) [0x008A2CA6]
	BaseThreadInitThunk [0x75E85D49+25]
	RtlInitializeExceptionChain [0x7741CEBB+107]
	RtlGetAppContainerNamedObjectPath [0x7741CE41+561]

2024-10-23 22:14:12,197 - WARNING - Retrying (Retry(total=2, connect=None, read=None, redirect=None, status=None)) after connection broken by 'ConnectionResetError(10054, 'An existing connection was forcibly closed by the remote host', None, 10054, None)': /session/252e76527523bd40722d8f83478e6161
